[altsforyou.org/index.html]
[backblue.gif]
[fade.gif]
[index.html]
[altsforyou.org/minecraft.png]
[altsforyou.org/css/style.css]
[altsforyou.org/very/d140ouchebag.js]
[altsforyou.org/spotify/index.html]
[altsforyou.org/index.html]
[altsforyou.org/css/style.css]
[altsforyou.org/fortnite/index.html]
[altsforyou.org/apexlegends/index.html]
[altsforyou.org/spotify/spotify.png]
[altsforyou.org/spotify/css/style.css]
[altsforyou.org/spotify/very/d179ouchebag.js]
[altsforyou.org/spotify/index.html]
[altsforyou.org/fortnite/fortnut.png]
[altsforyou.org/fortnite/css/style.css]
[altsforyou.org/fortnite/index.html]
[altsforyou.org/fortnite/very/d123ouchebag.js]
[altsforyou.org/apexlegends/apex.png]
[altsforyou.org/apexlegends/css/style.css]
[altsforyou.org/apexlegends/index.html]
[altsforyou.org/apexlegends/very/d80ouchebag.js]
[altsforyou.org/spotify/css/style.css]
[altsforyou.org/fortnite/css/style.css]
[altsforyou.org/apexlegends/css/style.css]
